This file contains any messages produced by compilers while
running configure, to aid debugging if configure makes a mistake.

It was created by my-plugin-package configure 1.0.0, which was
generated by GNU Autoconf 2.68.  Invocation command line was

  $ ./configure 

## --------- ##
## Platform. ##
## --------- ##

hostname = droid07-sz
uname -m = x86_64
uname -r = 3.2.0-29-generic
uname -s = Linux
uname -v = #46-Ubuntu SMP Fri Jul 27 17:03:23 UTC 2012

/usr/bin/uname -p = unknown
/bin/uname -X     = unknown

/bin/arch              = unknown
/usr/bin/arch -k       = unknown
/usr/convex/getsysinfo = unknown
/usr/bin/hostinfo      = unknown
/bin/machine           = unknown
/usr/bin/oslevel       = unknown
/bin/universe          = unknown

PATH: /usr/lib/jvm/java-6-sun/bin
PATH: /home/yvonne.chen/bin
PATH: /opt/arc/MetaWare/arc/bin
PATH: /opt/jdk1.7.0_65/bin
PATH: /usr/local/sbin
PATH: /usr/local/bin
PATH: /usr/sbin
PATH: /usr/bin
PATH: /sbin
PATH: /bin
PATH: /usr/games
PATH: /opt/gcc-linaro-aarch64-linux-gnu-4.9-2014.09_linux/bin
PATH: /opt/gcc-linaro-aarch64-none-elf-4.8-2013.11_linux/bin
PATH: /opt/gnutools/arc-4.8-amlogic-20130904-r2/bin
PATH: /opt/gnutools/arc2.3-p0/elf32-4.2.1/bin
PATH: /opt/gnutools/arc2.3-p0/uclibc-4.2.1/bin
PATH: /opt/gcc-linaro-arm-linux-gnueabihf/bin
PATH: /opt/CodeSourcery/Sourcery_G++_Lite/bin
PATH: /opt/CodeSourcery/Sourcery_G++_Lite/arm-none-eabi/bin
PATH: /opt/CodeSourcery/Sourcery_G++_Lite/arm-none-linux-gnueabi/bin
PATH: /opt/arc-4.8-amlogic-20130904-r2/bin
PATH: /opt/gcc-linaro-aarch64-linux-gnu-4.9-2014.09_linux/bin
PATH: /opt/gcc-linaro-aarch64-none-elf-4.8-2013.11_linux/bin


## ----------- ##
## Core tests. ##
## ----------- ##

configure:2164: checking for a BSD-compatible install
configure:2232: result: /usr/bin/install -c
configure:2243: checking whether build environment is sane
configure:2293: result: yes
configure:2434: checking for a thread-safe mkdir -p
configure:2473: result: /bin/mkdir -p
configure:2486: checking for gawk
configure:2502: found /usr/bin/gawk
configure:2513: result: gawk
configure:2524: checking whether make sets $(MAKE)
configure:2546: result: yes
configure:2628: checking whether to enable maintainer-specific portions of Makefiles
configure:2637: result: yes
configure:2699: checking for gcc
configure:2715: found /usr/bin/gcc
configure:2726: result: gcc
configure:2955: checking for C compiler version
configure:2964: gcc --version >&5
gcc (Ubuntu/Linaro 4.4.7-1ubuntu2) 4.4.7
Copyright (C) 2010 Free Software Foundation, Inc.
This is free software; see the source for copying conditions.  There is NO
warranty; not even for MERCHANTABILITY or FITNESS FOR A PARTICULAR PURPOSE.

configure:2975: $? = 0
configure:2964: gcc -v >&5
Using built-in specs.
Target: x86_64-linux-gnu
Configured with: ../src/configure -v --with-pkgversion='Ubuntu/Linaro 4.4.7-1ubuntu2' --with-bugurl=file:///usr/share/doc/gcc-4.4/README.Bugs --enable-languages=c,c++,fortran,objc,obj-c++ --prefix=/usr --program-suffix=-4.4 --enable-shared --enable-linker-build-id --with-system-zlib --libexecdir=/usr/lib --without-included-gettext --enable-threads=posix --with-gxx-include-dir=/usr/include/c++/4.4 --libdir=/usr/lib --enable-nls --with-sysroot=/ --enable-clocale=gnu --enable-libstdcxx-debug --enable-objc-gc --disable-werror --with-arch-32=i686 --with-tune=generic --enable-checking=release --build=x86_64-linux-gnu --host=x86_64-linux-gnu --target=x86_64-linux-gnu
Thread model: posix
gcc version 4.4.7 (Ubuntu/Linaro 4.4.7-1ubuntu2) 
configure:2975: $? = 0
configure:2964: gcc -V >&5
gcc: '-V' option must have argument
configure:2975: $? = 1
configure:2964: gcc -qversion >&5
gcc: unrecognized option '-qversion'
gcc: no input files
configure:2975: $? = 1
configure:2995: checking whether the C compiler works
configure:3017: gcc    conftest.c  >&5
configure:3021: $? = 0
configure:3069: result: yes
configure:3072: checking for C compiler default output file name
configure:3074: result: a.out
configure:3080: checking for suffix of executables
configure:3087: gcc -o conftest    conftest.c  >&5
configure:3091: $? = 0
configure:3113: result: 
configure:3135: checking whether we are cross compiling
configure:3143: gcc -o conftest    conftest.c  >&5
configure:3147: $? = 0
configure:3154: ./conftest
configure:3158: $? = 0
configure:3173: result: no
configure:3178: checking for suffix of object files
configure:3200: gcc -c   conftest.c >&5
configure:3204: $? = 0
configure:3225: result: o
configure:3229: checking whether we are using the GNU C compiler
configure:3248: gcc -c   conftest.c >&5
configure:3248: $? = 0
configure:3257: result: yes
configure:3266: checking whether gcc accepts -g
configure:3286: gcc -c -g  conftest.c >&5
configure:3286: $? = 0
configure:3327: result: yes
configure:3344: checking for gcc option to accept ISO C89
configure:3408: gcc  -c -g -O2  conftest.c >&5
configure:3408: $? = 0
configure:3421: result: none needed
configure:3452: checking for style of include used by make
configure:3480: result: GNU
configure:3506: checking dependency style of gcc
configure:3617: result: gcc3
configure:3663: checking build system type
configure:3677: result: x86_64-unknown-linux-gnu
configure:3697: checking host system type
configure:3710: result: x86_64-unknown-linux-gnu
configure:3751: checking how to print strings
configure:3778: result: printf
configure:3799: checking for a sed that does not truncate output
configure:3863: result: /bin/sed
configure:3881: checking for grep that handles long lines and -e
configure:3939: result: /bin/grep
configure:3944: checking for egrep
configure:4006: result: /bin/grep -E
configure:4011: checking for fgrep
configure:4073: result: /bin/grep -F
configure:4108: checking for ld used by gcc
configure:4175: result: /usr/bin/ld
configure:4182: checking if the linker (/usr/bin/ld) is GNU ld
configure:4197: result: yes
configure:4209: checking for BSD- or MS-compatible name lister (nm)
configure:4258: result: /usr/bin/nm -B
configure:4388: checking the name lister (/usr/bin/nm -B) interface
configure:4395: gcc -c -g -O2  conftest.c >&5
configure:4398: /usr/bin/nm -B "conftest.o"
configure:4401: output
0000000000000000 B some_variable
configure:4408: result: BSD nm
configure:4411: checking whether ln -s works
configure:4415: result: yes
configure:4423: checking the maximum length of command line arguments
configure:4553: result: 1572864
configure:4570: checking whether the shell understands some XSI constructs
configure:4580: result: yes
configure:4584: checking whether the shell understands "+="
configure:4590: result: yes
configure:4625: checking how to convert x86_64-unknown-linux-gnu file names to x86_64-unknown-linux-gnu format
configure:4665: result: func_convert_file_noop
configure:4672: checking how to convert x86_64-unknown-linux-gnu file names to toolchain format
configure:4692: result: func_convert_file_noop
configure:4699: checking for /usr/bin/ld option to reload object files
configure:4706: result: -r
configure:4780: checking for objdump
configure:4796: found /usr/bin/objdump
configure:4807: result: objdump
configure:4839: checking how to recognize dependent libraries
configure:5041: result: pass_all
configure:5126: checking for dlltool
configure:5156: result: no
configure:5186: checking how to associate runtime and link libraries
configure:5213: result: printf %s\n
configure:5274: checking for ar
configure:5290: found /usr/bin/ar
configure:5301: result: ar
configure:5338: checking for archiver @FILE support
configure:5355: gcc -c -g -O2  conftest.c >&5
configure:5355: $? = 0
configure:5358: ar cru libconftest.a @conftest.lst >&5
configure:5361: $? = 0
configure:5366: ar cru libconftest.a @conftest.lst >&5
ar: conftest.o: No such file or directory
configure:5369: $? = 1
configure:5381: result: @
configure:5439: checking for strip
configure:5455: found /usr/bin/strip
configure:5466: result: strip
configure:5538: checking for ranlib
configure:5554: found /usr/bin/ranlib
configure:5565: result: ranlib
configure:5667: checking command to parse /usr/bin/nm -B output from gcc object
configure:5787: gcc -c -g -O2  conftest.c >&5
configure:5790: $? = 0
configure:5794: /usr/bin/nm -B conftest.o \| sed -n -e 's/^.*[ ]\([ABCDGIRSTW][ABCDGIRSTW]*\)[ ][ ]*\([_A-Za-z][_A-Za-z0-9]*\)$/\1 \2 \2/p' | sed '/ __gnu_lto/d' \> conftest.nm
configure:5797: $? = 0
configure:5863: gcc -o conftest -g -O2   conftest.c conftstm.o >&5
configure:5866: $? = 0
configure:5904: result: ok
configure:5941: checking for sysroot
configure:5971: result: no
configure:6048: gcc -c -g -O2  conftest.c >&5
configure:6051: $? = 0
configure:6227: checking for mt
configure:6243: found /bin/mt
configure:6254: result: mt
configure:6277: checking if mt is a manifest tool
configure:6283: mt '-?'
configure:6291: result: no
configure:6933: checking how to run the C preprocessor
configure:6964: gcc -E  conftest.c
configure:6964: $? = 0
configure:6978: gcc -E  conftest.c
conftest.c:11: fatal error: ac_nonexistent.h: No such file or directory
compilation terminated.
configure:6978: $? = 1
configure: failed program was:
| /* confdefs.h */
| #define PACKAGE_NAME "my-plugin-package"
| #define PACKAGE_TARNAME "my-plugin-package"
| #define PACKAGE_VERSION "1.0.0"
| #define PACKAGE_STRING "my-plugin-package 1.0.0"
| #define PACKAGE_BUGREPORT ""
| #define PACKAGE_URL ""
| #define PACKAGE "my-plugin-package"
| #define VERSION "1.0.0"
| /* end confdefs.h.  */
| #include <ac_nonexistent.h>
configure:7003: result: gcc -E
configure:7023: gcc -E  conftest.c
configure:7023: $? = 0
configure:7037: gcc -E  conftest.c
conftest.c:11: fatal error: ac_nonexistent.h: No such file or directory
compilation terminated.
configure:7037: $? = 1
configure: failed program was:
| /* confdefs.h */
| #define PACKAGE_NAME "my-plugin-package"
| #define PACKAGE_TARNAME "my-plugin-package"
| #define PACKAGE_VERSION "1.0.0"
| #define PACKAGE_STRING "my-plugin-package 1.0.0"
| #define PACKAGE_BUGREPORT ""
| #define PACKAGE_URL ""
| #define PACKAGE "my-plugin-package"
| #define VERSION "1.0.0"
| /* end confdefs.h.  */
| #include <ac_nonexistent.h>
configure:7066: checking for ANSI C header files
configure:7086: gcc -c -g -O2  conftest.c >&5
configure:7086: $? = 0
configure:7159: gcc -o conftest -g -O2   conftest.c  >&5
configure:7159: $? = 0
configure:7159: ./conftest
configure:7159: $? = 0
configure:7170: result: yes
configure:7183: checking for sys/types.h
configure:7183: gcc -c -g -O2  conftest.c >&5
configure:7183: $? = 0
configure:7183: result: yes
configure:7183: checking for sys/stat.h
configure:7183: gcc -c -g -O2  conftest.c >&5
configure:7183: $? = 0
configure:7183: result: yes
configure:7183: checking for stdlib.h
configure:7183: gcc -c -g -O2  conftest.c >&5
configure:7183: $? = 0
configure:7183: result: yes
configure:7183: checking for string.h
configure:7183: gcc -c -g -O2  conftest.c >&5
configure:7183: $? = 0
configure:7183: result: yes
configure:7183: checking for memory.h
configure:7183: gcc -c -g -O2  conftest.c >&5
configure:7183: $? = 0
configure:7183: result: yes
configure:7183: checking for strings.h
configure:7183: gcc -c -g -O2  conftest.c >&5
configure:7183: $? = 0
configure:7183: result: yes
configure:7183: checking for inttypes.h
configure:7183: gcc -c -g -O2  conftest.c >&5
configure:7183: $? = 0
configure:7183: result: yes
configure:7183: checking for stdint.h
configure:7183: gcc -c -g -O2  conftest.c >&5
configure:7183: $? = 0
configure:7183: result: yes
configure:7183: checking for unistd.h
configure:7183: gcc -c -g -O2  conftest.c >&5
configure:7183: $? = 0
configure:7183: result: yes
configure:7197: checking for dlfcn.h
configure:7197: gcc -c -g -O2  conftest.c >&5
configure:7197: $? = 0
configure:7197: result: yes
configure:7403: checking for objdir
configure:7418: result: .libs
configure:7685: checking if gcc supports -fno-rtti -fno-exceptions
configure:7703: gcc -c -g -O2  -fno-rtti -fno-exceptions conftest.c >&5
cc1: warning: command line option "-fno-rtti" is valid for C++/ObjC++ but not for C
configure:7707: $? = 0
configure:7720: result: no
configure:8047: checking for gcc option to produce PIC
configure:8054: result: -fPIC -DPIC
configure:8062: checking if gcc PIC flag -fPIC -DPIC works
configure:8080: gcc -c -g -O2  -fPIC -DPIC -DPIC conftest.c >&5
configure:8084: $? = 0
configure:8097: result: yes
configure:8126: checking if gcc static flag -static works
configure:8154: result: yes
configure:8169: checking if gcc supports -c -o file.o
configure:8190: gcc -c -g -O2  -o out/conftest2.o conftest.c >&5
configure:8194: $? = 0
configure:8216: result: yes
configure:8224: checking if gcc supports -c -o file.o
configure:8271: result: yes
configure:8304: checking whether the gcc linker (/usr/bin/ld -m elf_x86_64) supports shared libraries
configure:9461: result: yes
configure:9498: checking whether -lc should be explicitly linked in
configure:9506: gcc -c -g -O2  conftest.c >&5
configure:9509: $? = 0
configure:9524: gcc -shared  -fPIC -DPIC conftest.o  -v -Wl,-soname -Wl,conftest -o conftest 2\>\&1 \| /bin/grep  -lc  \>/dev/null 2\>\&1
configure:9527: $? = 0
configure:9541: result: no
configure:9701: checking dynamic linker characteristics
configure:10212: gcc -o conftest -g -O2   -Wl,-rpath -Wl,/foo conftest.c  >&5
configure:10212: $? = 0
configure:10446: result: GNU/Linux ld.so
configure:10553: checking how to hardcode library paths into programs
configure:10578: result: immediate
configure:11118: checking whether stripping libraries is possible
configure:11123: result: yes
configure:11158: checking if libtool supports shared libraries
configure:11160: result: yes
configure:11163: checking whether to build shared libraries
configure:11184: result: yes
configure:11187: checking whether to build static libraries
configure:11191: result: yes
configure:11231: checking for pkg-config
configure:11247: found /usr/bin/pkg-config
configure:11261: result:  
configure:11324: checking for pkg-config
configure:11342: found /usr/bin/pkg-config
configure:11354: result: /usr/bin/pkg-config
configure:11379: checking pkg-config is at least version 0.9.0
configure:11382: result: yes
configure:11392: checking for GST
configure:11403: $PKG_CONFIG --exists --print-errors "
  gstreamer-1.0 >= $GST_REQUIRED
  gstreamer-base-1.0 >= $GST_REQUIRED
  gstreamer-controller-1.0 >= $GST_REQUIRED
"
Package gstreamer-1.0 was not found in the pkg-config search path.
Perhaps you should add the directory containing `gstreamer-1.0.pc'
to the PKG_CONFIG_PATH environment variable
No package 'gstreamer-1.0' found
Package gstreamer-base-1.0 was not found in the pkg-config search path.
Perhaps you should add the directory containing `gstreamer-base-1.0.pc'
to the PKG_CONFIG_PATH environment variable
No package 'gstreamer-base-1.0' found
Package gstreamer-controller-1.0 was not found in the pkg-config search path.
Perhaps you should add the directory containing `gstreamer-controller-1.0.pc'
to the PKG_CONFIG_PATH environment variable
No package 'gstreamer-controller-1.0' found
configure:11410: $? = 1
configure:11432: $PKG_CONFIG --exists --print-errors "
  gstreamer-1.0 >= $GST_REQUIRED
  gstreamer-base-1.0 >= $GST_REQUIRED
  gstreamer-controller-1.0 >= $GST_REQUIRED
"
Package gstreamer-1.0 was not found in the pkg-config search path.
Perhaps you should add the directory containing `gstreamer-1.0.pc'
to the PKG_CONFIG_PATH environment variable
No package 'gstreamer-1.0' found
Package gstreamer-base-1.0 was not found in the pkg-config search path.
Perhaps you should add the directory containing `gstreamer-base-1.0.pc'
to the PKG_CONFIG_PATH environment variable
No package 'gstreamer-base-1.0' found
Package gstreamer-controller-1.0 was not found in the pkg-config search path.
Perhaps you should add the directory containing `gstreamer-controller-1.0.pc'
to the PKG_CONFIG_PATH environment variable
No package 'gstreamer-controller-1.0' found
configure:11439: $? = 1
configure:11457: result: no
No package 'gstreamer-1.0' found
No package 'gstreamer-base-1.0' found
No package 'gstreamer-controller-1.0' found
configure:11482: error: 
      You need to install or upgrade the GStreamer development
      packages on your system. On debian-based systems these are
      libgstreamer1.0-dev and libgstreamer-plugins-base1.0-dev.
      on RPM-based systems gstreamer1.0-devel, libgstreamer1.0-devel
      or similar. The minimum version required is 1.0.0.
  

## ---------------- ##
## Cache variables. ##
## ---------------- ##

ac_cv_build=x86_64-unknown-linux-gnu
ac_cv_c_compiler_gnu=yes
ac_cv_env_CC_set=
ac_cv_env_CC_value=
ac_cv_env_CFLAGS_set=
ac_cv_env_CFLAGS_value=
ac_cv_env_CPPFLAGS_set=
ac_cv_env_CPPFLAGS_value=
ac_cv_env_CPP_set=
ac_cv_env_CPP_value=
ac_cv_env_GST_CFLAGS_set=
ac_cv_env_GST_CFLAGS_value=
ac_cv_env_GST_LIBS_set=
ac_cv_env_GST_LIBS_value=
ac_cv_env_LDFLAGS_set=
ac_cv_env_LDFLAGS_value=
ac_cv_env_LIBS_set=
ac_cv_env_LIBS_value=
ac_cv_env_PKG_CONFIG_LIBDIR_set=
ac_cv_env_PKG_CONFIG_LIBDIR_value=
ac_cv_env_PKG_CONFIG_PATH_set=
ac_cv_env_PKG_CONFIG_PATH_value=
ac_cv_env_PKG_CONFIG_set=
ac_cv_env_PKG_CONFIG_value=
ac_cv_env_build_alias_set=
ac_cv_env_build_alias_value=
ac_cv_env_host_alias_set=
ac_cv_env_host_alias_value=
ac_cv_env_target_alias_set=
ac_cv_env_target_alias_value=
ac_cv_header_dlfcn_h=yes
ac_cv_header_inttypes_h=yes
ac_cv_header_memory_h=yes
ac_cv_header_stdc=yes
ac_cv_header_stdint_h=yes
ac_cv_header_stdlib_h=yes
ac_cv_header_string_h=yes
ac_cv_header_strings_h=yes
ac_cv_header_sys_stat_h=yes
ac_cv_header_sys_types_h=yes
ac_cv_header_unistd_h=yes
ac_cv_host=x86_64-unknown-linux-gnu
ac_cv_objext=o
ac_cv_path_EGREP='/bin/grep -E'
ac_cv_path_FGREP='/bin/grep -F'
ac_cv_path_GREP=/bin/grep
ac_cv_path_SED=/bin/sed
ac_cv_path_ac_pt_PKG_CONFIG=/usr/bin/pkg-config
ac_cv_path_install='/usr/bin/install -c'
ac_cv_path_mkdir=/bin/mkdir
ac_cv_prog_AWK=gawk
ac_cv_prog_CPP='gcc -E'
ac_cv_prog_HAVE_PKGCONFIG=' '
ac_cv_prog_ac_ct_AR=ar
ac_cv_prog_ac_ct_CC=gcc
ac_cv_prog_ac_ct_MANIFEST_TOOL=mt
ac_cv_prog_ac_ct_OBJDUMP=objdump
ac_cv_prog_ac_ct_RANLIB=ranlib
ac_cv_prog_ac_ct_STRIP=strip
ac_cv_prog_cc_c89=
ac_cv_prog_cc_g=yes
ac_cv_prog_make_make_set=yes
am_cv_CC_dependencies_compiler_type=gcc3
lt_cv_ar_at_file=@
lt_cv_archive_cmds_need_lc=no
lt_cv_deplibs_check_method=pass_all
lt_cv_file_magic_cmd='$MAGIC_CMD'
lt_cv_file_magic_test_file=
lt_cv_ld_reload_flag=-r
lt_cv_nm_interface='BSD nm'
lt_cv_objdir=.libs
lt_cv_path_LD=/usr/bin/ld
lt_cv_path_NM='/usr/bin/nm -B'
lt_cv_path_mainfest_tool=no
lt_cv_prog_compiler_c_o=yes
lt_cv_prog_compiler_pic='-fPIC -DPIC'
lt_cv_prog_compiler_pic_works=yes
lt_cv_prog_compiler_rtti_exceptions=no
lt_cv_prog_compiler_static_works=yes
lt_cv_prog_gnu_ld=yes
lt_cv_sharedlib_from_linklib_cmd='printf %s\n'
lt_cv_shlibpath_overrides_runpath=no
lt_cv_sys_global_symbol_pipe='sed -n -e '\''s/^.*[	 ]\([ABCDGIRSTW][ABCDGIRSTW]*\)[	 ][	 ]*\([_A-Za-z][_A-Za-z0-9]*\)$/\1 \2 \2/p'\'' | sed '\''/ __gnu_lto/d'\'''
lt_cv_sys_global_symbol_to_c_name_address='sed -n -e '\''s/^: \([^ ]*\)[ ]*$/  {\"\1\", (void *) 0},/p'\'' -e '\''s/^[ABCDGIRSTW]* \([^ ]*\) \([^ ]*\)$/  {"\2", (void *) \&\2},/p'\'''
lt_cv_sys_global_symbol_to_c_name_address_lib_prefix='sed -n -e '\''s/^: \([^ ]*\)[ ]*$/  {\"\1\", (void *) 0},/p'\'' -e '\''s/^[ABCDGIRSTW]* \([^ ]*\) \(lib[^ ]*\)$/  {"\2", (void *) \&\2},/p'\'' -e '\''s/^[ABCDGIRSTW]* \([^ ]*\) \([^ ]*\)$/  {"lib\2", (void *) \&\2},/p'\'''
lt_cv_sys_global_symbol_to_cdecl='sed -n -e '\''s/^T .* \(.*\)$/extern int \1();/p'\'' -e '\''s/^[ABCDGIRSTW]* .* \(.*\)$/extern char \1;/p'\'''
lt_cv_sys_max_cmd_len=1572864
lt_cv_to_host_file_cmd=func_convert_file_noop
lt_cv_to_tool_file_cmd=func_convert_file_noop

## ----------------- ##
## Output variables. ##
## ----------------- ##

ACLOCAL='${SHELL} /mnt/nfsroot/yvonne.chen/Linux/buildroot/package/multimedia/gst-aml-plugins/gst-aml-plugins-1.0/missing --run aclocal-1.11'
AMDEPBACKSLASH='\'
AMDEP_FALSE='#'
AMDEP_TRUE=''
AMTAR='$${TAR-tar}'
AR='ar'
AUTOCONF='${SHELL} /mnt/nfsroot/yvonne.chen/Linux/buildroot/package/multimedia/gst-aml-plugins/gst-aml-plugins-1.0/missing --run autoconf'
AUTOHEADER='${SHELL} /mnt/nfsroot/yvonne.chen/Linux/buildroot/package/multimedia/gst-aml-plugins/gst-aml-plugins-1.0/missing --run autoheader'
AUTOMAKE='${SHELL} /mnt/nfsroot/yvonne.chen/Linux/buildroot/package/multimedia/gst-aml-plugins/gst-aml-plugins-1.0/missing --run automake-1.11'
AWK='gawk'
CC='gcc'
CCDEPMODE='depmode=gcc3'
CFLAGS='-g -O2'
CPP='gcc -E'
CPPFLAGS=''
CYGPATH_W='echo'
DEFS=''
DEPDIR='.deps'
DLLTOOL='false'
DSYMUTIL=''
DUMPBIN=''
ECHO_C=''
ECHO_N='-n'
ECHO_T=''
EGREP='/bin/grep -E'
EXEEXT=''
FGREP='/bin/grep -F'
GREP='/bin/grep'
GST_CFLAGS=''
GST_LIBS=''
GST_PLUGIN_LDFLAGS=''
HAVE_PKGCONFIG=' '
INSTALL_DATA='${INSTALL} -m 644'
INSTALL_PROGRAM='${INSTALL}'
INSTALL_SCRIPT='${INSTALL}'
INSTALL_STRIP_PROGRAM='$(install_sh) -c -s'
LD='/usr/bin/ld -m elf_x86_64'
LDFLAGS=''
LIBOBJS=''
LIBS=''
LIBTOOL='$(SHELL) $(top_builddir)/libtool'
LIPO=''
LN_S='ln -s'
LTLIBOBJS=''
MAINT=''
MAINTAINER_MODE_FALSE='#'
MAINTAINER_MODE_TRUE=''
MAKEINFO='${SHELL} /mnt/nfsroot/yvonne.chen/Linux/buildroot/package/multimedia/gst-aml-plugins/gst-aml-plugins-1.0/missing --run makeinfo'
MANIFEST_TOOL=':'
MKDIR_P='/bin/mkdir -p'
NM='/usr/bin/nm -B'
NMEDIT=''
OBJDUMP='objdump'
OBJEXT='o'
OTOOL64=''
OTOOL=''
PACKAGE='my-plugin-package'
PACKAGE_BUGREPORT=''
PACKAGE_NAME='my-plugin-package'
PACKAGE_STRING='my-plugin-package 1.0.0'
PACKAGE_TARNAME='my-plugin-package'
PACKAGE_URL=''
PACKAGE_VERSION='1.0.0'
PATH_SEPARATOR=':'
PKG_CONFIG='/usr/bin/pkg-config'
PKG_CONFIG_LIBDIR=''
PKG_CONFIG_PATH=''
RANLIB='ranlib'
SED='/bin/sed'
SET_MAKE=''
SHELL='/bin/bash'
STRIP='strip'
VERSION='1.0.0'
ac_ct_AR='ar'
ac_ct_CC='gcc'
ac_ct_DUMPBIN=''
am__EXEEXT_FALSE=''
am__EXEEXT_TRUE=''
am__fastdepCC_FALSE='#'
am__fastdepCC_TRUE=''
am__include='include'
am__isrc=''
am__leading_dot='.'
am__nodep='_no'
am__quote=''
am__tar='$${TAR-tar} chof - "$$tardir"'
am__untar='$${TAR-tar} xf -'
bindir='${exec_prefix}/bin'
build='x86_64-unknown-linux-gnu'
build_alias=''
build_cpu='x86_64'
build_os='linux-gnu'
build_vendor='unknown'
datadir='${datarootdir}'
datarootdir='${prefix}/share'
docdir='${datarootdir}/doc/${PACKAGE_TARNAME}'
dvidir='${docdir}'
exec_prefix='NONE'
host='x86_64-unknown-linux-gnu'
host_alias=''
host_cpu='x86_64'
host_os='linux-gnu'
host_vendor='unknown'
htmldir='${docdir}'
includedir='${prefix}/include'
infodir='${datarootdir}/info'
install_sh='${SHELL} /mnt/nfsroot/yvonne.chen/Linux/buildroot/package/multimedia/gst-aml-plugins/gst-aml-plugins-1.0/install-sh'
libdir='${exec_prefix}/lib'
libexecdir='${exec_prefix}/libexec'
localedir='${datarootdir}/locale'
localstatedir='${prefix}/var'
mandir='${datarootdir}/man'
mkdir_p='/bin/mkdir -p'
oldincludedir='/usr/include'
pdfdir='${docdir}'
plugindir=''
prefix='NONE'
program_transform_name='s,x,x,'
psdir='${docdir}'
sbindir='${exec_prefix}/sbin'
sharedstatedir='${prefix}/com'
sysconfdir='${prefix}/etc'
target_alias=''

## ----------- ##
## confdefs.h. ##
## ----------- ##

/* confdefs.h */
#define PACKAGE_NAME "my-plugin-package"
#define PACKAGE_TARNAME "my-plugin-package"
#define PACKAGE_VERSION "1.0.0"
#define PACKAGE_STRING "my-plugin-package 1.0.0"
#define PACKAGE_BUGREPORT ""
#define PACKAGE_URL ""
#define PACKAGE "my-plugin-package"
#define VERSION "1.0.0"
#define STDC_HEADERS 1
#define HAVE_SYS_TYPES_H 1
#define HAVE_SYS_STAT_H 1
#define HAVE_STDLIB_H 1
#define HAVE_STRING_H 1
#define HAVE_MEMORY_H 1
#define HAVE_STRINGS_H 1
#define HAVE_INTTYPES_H 1
#define HAVE_STDINT_H 1
#define HAVE_UNISTD_H 1
#define HAVE_DLFCN_H 1
#define LT_OBJDIR ".libs/"

configure: exit 1
